Build started 9/18/2015 10:27:09 AM.
     1>Project "C:\Users\austin.schorsch\Documents\Cpts 360\LAB2\LAB2\LAB2.vcxproj" on node 2 (Build target(s)).
     1>ClCompile:
         C:\Program Files (x86)\Microsoft Visual Studio 12.0\VC\bin\CL.exe /c /ZI /nologo /W3 /WX- /sdl /Od /Oy- /D WIN32 /D _DEBUG /D _CONSOLE /D _LIB /D _UNICODE /D UNICODE /D _CRT_SECURE_NO_WARNINGS /Gm /EHsc /RTC1 /MDd /GS /fp:precise /Zc:wchar_t /Zc:forScope /Fo"Debug\\" /Fd"Debug\vc120.pdb" /Gd /TC /analyze- /errorReport:prompt t.c
         t.c
     1>c:\users\austin.schorsch\documents\cpts 360\lab2\lab2\t.c(76): warning C4113: 'int (__cdecl *)()' differs in parameter lists from 'int (__cdecl *)(char *)'
     1>c:\users\austin.schorsch\documents\cpts 360\lab2\lab2\t.c(265): warning C4047: 'function' : 'char *' differs in levels of indirection from 'char *[64]'
     1>c:\users\austin.schorsch\documents\cpts 360\lab2\lab2\t.c(265): warning C4024: 'strcpy' : different types for formal and actual parameter 1
     1>c:\users\austin.schorsch\documents\cpts 360\lab2\lab2\t.c(266): warning C4047: 'function' : 'char *' differs in levels of indirection from 'char *[64]'
     1>c:\users\austin.schorsch\documents\cpts 360\lab2\lab2\t.c(266): warning C4024: 'strcat' : different types for formal and actual parameter 1
     1>c:\users\austin.schorsch\documents\cpts 360\lab2\lab2\t.c(497): warning C4047: 'function' : 'char *' differs in levels of indirection from 'char *[64]'
     1>c:\users\austin.schorsch\documents\cpts 360\lab2\lab2\t.c(497): warning C4024: 'strcpy' : different types for formal and actual parameter 1
     1>c:\users\austin.schorsch\documents\cpts 360\lab2\lab2\t.c(498): warning C4047: 'function' : 'char *' differs in levels of indirection from 'char *[64]'
     1>c:\users\austin.schorsch\documents\cpts 360\lab2\lab2\t.c(498): warning C4024: 'strcat' : different types for formal and actual parameter 1
     1>c:\users\austin.schorsch\documents\cpts 360\lab2\lab2\t.c(871): warning C4047: 'function' : 'char *' differs in levels of indirection from 'char *[64]'
     1>c:\users\austin.schorsch\documents\cpts 360\lab2\lab2\t.c(871): warning C4024: 'strcpy' : different types for formal and actual parameter 1
     1>c:\users\austin.schorsch\documents\cpts 360\lab2\lab2\t.c(872): warning C4047: 'function' : 'char *' differs in levels of indirection from 'char *[64]'
     1>c:\users\austin.schorsch\documents\cpts 360\lab2\lab2\t.c(872): warning C4024: 'strcat' : different types for formal and actual parameter 1
       Link:
         C:\Program Files (x86)\Microsoft Visual Studio 12.0\VC\bin\link.exe /ERRORREPORT:PROMPT /OUT:"C:\Users\austin.schorsch\Documents\Cpts 360\LAB2\Debug\LAB2.exe" /INCREMENTAL /NOLOGO kernel32.lib user32.lib gdi32.lib winspool.lib comdlg32.lib advapi32.lib shell32.lib ole32.lib oleaut32.lib uuid.lib odbc32.lib odbccp32.lib /MANIFEST /MANIFESTUAC:"level='asInvoker' uiAccess='false'" /manifest:embed /DEBUG /PDB:"C:\Users\austin.schorsch\Documents\Cpts 360\LAB2\Debug\LAB2.pdb" /SUBSYSTEM:CONSOLE /TLBID:1 /DYNAMICBASE /NXCOMPAT /IMPLIB:"C:\Users\austin.schorsch\Documents\Cpts 360\LAB2\Debug\LAB2.lib" /MACHINE:X86 Debug\t.obj
         LAB2.vcxproj -> C:\Users\austin.schorsch\Documents\Cpts 360\LAB2\Debug\LAB2.exe
     1>Done Building Project "C:\Users\austin.schorsch\Documents\Cpts 360\LAB2\LAB2\LAB2.vcxproj" (Build target(s)).

Build succeeded.

Time Elapsed 00:00:00.51
